[12/19/2023 00:29:37]:           __             _       
[12/19/2023 00:29:37]:   _ __   / /  ___   __ _(_)_ __  
[12/19/2023 00:29:37]:  | '_ \ / /  / _ \ / _` | | '_ \ 
[12/19/2023 00:29:37]:  | | | / /__| (_) | (_| | | | | |
[12/19/2023 00:29:37]:  |_| |_\____/\___/ \__, |_|_| |_|
[12/19/2023 00:29:37]:                   |___/            
[12/19/2023 00:29:37]:  By: www.nickuc.com - V 10.2.39 DEVELOPMENT
[12/19/2023 00:29:37]:  
[12/19/2023 00:29:38]: [nLogin] [DEBUG] All settings were loaded in 832 ms.
[12/19/2023 00:29:38]: [nLogin] [DEBUG] Loading the messages_en.yml message file...
[12/19/2023 00:29:38]: [nLogin] [DEBUG] All plugin messages were loaded in 343 ms (languageByClient=false).
[12/19/2023 00:29:38]: [nLogin] [DEBUG] All proxy settings were loaded in 87 ms.
[12/19/2023 00:29:38]: [nLogin] [DEBUG] Loading database...
[12/19/2023 00:29:39]: [nLogin] [DEBUG] Starting logger filter...
[12/19/2023 00:29:44]: [nLogin] 
[12/19/2023 00:29:44]: [nLogin]  Thank you so much for choosing nLogin! <3
[12/19/2023 00:29:44]: [nLogin] 
[12/19/2023 00:29:44]: [nLogin]  For your safety, please read the message below:
[12/19/2023 00:29:44]: [nLogin]   Never download nLogin from unknown sources.
[12/19/2023 00:29:44]: [nLogin]   A modified version may contain malicious software.
[12/19/2023 00:29:44]: [nLogin] 
[12/19/2023 00:29:44]: [nLogin]  Trusted sources:
[12/19/2023 00:29:44]: [nLogin]   www.nickuc.com
[12/19/2023 00:29:44]: [nLogin]   www.github.com/nickuc
[12/19/2023 00:29:44]: [nLogin]   OpeNLogin installer (from Spigot or GitHub)
[12/19/2023 00:29:45]: [nLogin] 
[12/19/2023 00:29:45]: [nLogin]  Official support channels:
[12/19/2023 00:29:45]: [nLogin]   Discord group: www.nickuc.com/discord
[12/19/2023 00:29:45]: [nLogin]   Documentation: docs.nickuc.com/nlogin/
[12/19/2023 00:29:45]: [nLogin]   Email: support@nickuc.com
[12/19/2023 00:29:45]: [nLogin]   YouTube: youtube.com/nickuc
[12/19/2023 00:29:45]: [nLogin] 
[12/19/2023 00:29:45]: [nLogin]  To remove this warning, log in with "nlogin.admin" permission on the server
[12/19/2023 00:29:45]: [nLogin]  and click the "Setup plugin" button to configure your plugin.
[12/19/2023 00:29:45]: [nLogin] 
