[12/18/2023 23:48:06]:           __             _       
[12/18/2023 23:48:06]:   _ __   / /  ___   __ _(_)_ __  
[12/18/2023 23:48:06]:  | '_ \ / /  / _ \ / _` | | '_ \ 
[12/18/2023 23:48:06]:  | | | / /__| (_) | (_| | | | | |
[12/18/2023 23:48:06]:  |_| |_\____/\___/ \__, |_|_| |_|
[12/18/2023 23:48:06]:                   |___/            
[12/18/2023 23:48:06]:  By: www.nickuc.com - V 10.2.39 DEVELOPMENT
[12/18/2023 23:48:06]:  
[12/18/2023 23:48:07]: [nLogin] [DEBUG] All settings were loaded in 710 ms.
[12/18/2023 23:48:07]: [nLogin] [DEBUG] Loading the messages_en.yml message file...
[12/18/2023 23:48:07]: [nLogin] [DEBUG] All plugin messages were loaded in 344 ms (languageByClient=false).
[12/18/2023 23:48:07]: [nLogin] [DEBUG] All proxy settings were loaded in 18 ms.
[12/18/2023 23:48:07]: [nLogin] [DEBUG] Loading database...
[12/18/2023 23:48:08]: [nLogin] [DEBUG] Starting logger filter...
[12/18/2023 23:48:14]: [nLogin] 
[12/18/2023 23:48:14]: [nLogin]  Thank you so much for choosing nLogin! <3
[12/18/2023 23:48:14]: [nLogin] 
[12/18/2023 23:48:14]: [nLogin]  For your safety, please read the message below:
[12/18/2023 23:48:14]: [nLogin]   Never download nLogin from unknown sources.
[12/18/2023 23:48:14]: [nLogin]   A modified version may contain malicious software.
[12/18/2023 23:48:14]: [nLogin] 
[12/18/2023 23:48:14]: [nLogin]  Trusted sources:
[12/18/2023 23:48:14]: [nLogin]   www.nickuc.com
[12/18/2023 23:48:14]: [nLogin]   www.github.com/nickuc
[12/18/2023 23:48:14]: [nLogin]   OpeNLogin installer (from Spigot or GitHub)
[12/18/2023 23:48:14]: [nLogin] 
[12/18/2023 23:48:14]: [nLogin]  Official support channels:
[12/18/2023 23:48:14]: [nLogin]   Discord group: www.nickuc.com/discord
[12/18/2023 23:48:14]: [nLogin]   Documentation: docs.nickuc.com/nlogin/
[12/18/2023 23:48:14]: [nLogin]   Email: support@nickuc.com
[12/18/2023 23:48:14]: [nLogin]   YouTube: youtube.com/nickuc
[12/18/2023 23:48:14]: [nLogin] 
[12/18/2023 23:48:14]: [nLogin]  To remove this warning, log in with "nlogin.admin" permission on the server
[12/18/2023 23:48:14]: [nLogin]  and click the "Setup plugin" button to configure your plugin.
[12/18/2023 23:48:14]: [nLogin] 
[12/19/2023 00:05:46]: [nLogin] [DEBUG] [SQLite] [UPDATE]: "INSERT INTO `nlogin` (`last_name`, `unique_id`, `mojang_id`, `bedrock_id`, `password`, `last_ip`, `creation_date`, `last_login`, `email`, `discord`, `settings`) VALUES ('Falcon05555', null, null, null, null, '127.0.0.1', '1970-01-01 00:00:00.0', '1970-01-01 00:00:00.0', null, null, '{"settings":[{"value":"lobby","key":"last-server"}],"version":0}')"
[12/19/2023 00:05:57]: [nLogin] [DEBUG] [SQLite] [UPDATE]: "UPDATE `nlogin` SET `last_name` = 'Falcon05555', `unique_id` = null,  `mojang_id` = null,  `bedrock_id` = null,  `password` = null, `last_ip` = '127.0.0.1', `creation_date` = 2023-12-19 00:05:46.517, `last_login` = 2023-12-19 00:05:46.517, `email` = null, `discord` = null, `settings` = '{"settings":[{"value":"lobby","key":"last-server"}],"version":0}' WHERE `ai` = 1"
[12/19/2023 00:06:06]: [nLogin] [DEBUG] [SQLite] [UPDATE]: "UPDATE `nlogin` SET `last_name` = 'Falcon05555', `unique_id` = null,  `mojang_id` = null,  `bedrock_id` = null,  `password` = null, `last_ip` = '127.0.0.1', `creation_date` = 2023-12-19 00:05:46.517, `last_login` = 2023-12-19 00:05:46.517, `email` = null, `discord` = null, `settings` = '{"settings":[{"value":"lobby","key":"last-server"}],"version":0}' WHERE `ai` = 1"
[12/19/2023 00:27:26]: [nLogin] [DEBUG] [SQLite] [UPDATE]: "INSERT INTO `nlogin` (`last_name`, `unique_id`, `mojang_id`, `bedrock_id`, `password`, `last_ip`, `creation_date`, `last_login`, `email`, `discord`, `settings`) VALUES ('ItzPvp', null, null, null, null, '127.0.0.1', '1970-01-01 00:00:00.0', '1970-01-01 00:00:00.0', null, null, '{"settings":[{"value":"lobby","key":"last-server"}],"version":0}')"
