#
# A fatal error has been detected by the Java Runtime Environment:
#
#  SIGBUS (0x7) at pc=0x00007f221a16bd4a, pid=7114, tid=0x00007f2201ff7640
#
# JRE version: OpenJDK Runtime Environment (8.0_322) (build 1.8.0_322-ga)
# Java VM: OpenJDK 64-Bit Server VM (25.322-bga mixed mode linux-amd64 compressed oops)
# Problematic frame:
# V  [libjvm.so+0x9dbd4a]  RuntimeService::record_safepoint_synchronized()+0x4a
#
# Core dump written. Default location: /home/runner/junarmc/bungee/core or core.7114
#
# If you would like to submit a bug report, please visit:
#   http://bugreport.java.com/bugreport/crash.jsp
#

---------------  T H R E A D  ---------------

Current thread (0x00007f221411e800):  VMThread [stack: 0x00007f2201ef8000,0x00007f2201ff8000] [id=7119]

siginfo: si_signo: 7 (SIGBUS), si_code: 2 (BUS_ADRERR), si_addr: 0x00007f22194095d0

Registers:
RAX=0x00007f22194095d0, RBX=0x00007f2214015c00, RCX=0x0000000000000000, RDX=0x0000000000000000
RSP=0x00007f2201ff6510, RBP=0x00007f2201ff6520, RSI=0x0000000000000000, RDI=0x0000000000000000
R8 =0x000000074b4c27e5, R9 =0x0000000000000000, R10=0x0000000000000000, R11=0x0000000000000000
R12=0x0000000000000000, R13=0x0000000000000000, R14=0x00007f221a51b9fc, R15=0x0000000000000000
RIP=0x00007f221a16bd4a, EFLAGS=0x0000000000010212, CSGSFS=0x002b000000000033, ERR=0x0000000000000007
  TRAPNO=0x000000000000000e

Top of Stack: (sp=0x00007f2201ff6510)
0x00007f2201ff6510:   00007f21a7ffe660 431bde82d7b634db
0x00007f2201ff6520:   00007f2201ff65f0 00007f221a172df3
0x00007f2201ff6530:   00007f2201ff6658 0000000000000000
0x00007f2201ff6540:   00007f221a31bed6 00007f2214008a10
0x00007f2201ff6550:   0000000000000000 0000001b1411f600
0x00007f2201ff6560:   0000000000000000 00007f2200000000
0x00007f2201ff6570:   0000000000000004 00007f2200000000
0x00007f2201ff6580:   0000000000000000 00000000000003e8
0x00007f2201ff6590:   0000000000000001 00007f221411e800
0x00007f2201ff65a0:   00007f2201ff65f0 00007f221a08aa8a
0x00007f2201ff65b0:   00007f2214008b10 00007f221411e800
0x00007f2201ff65c0:   00007f221a51b6f0 00007f221a523af0
0x00007f2201ff65d0:   0000000000000000 00007f21a7ffe660
0x00007f2201ff65e0:   00007f221a5106a0 00007f221a31bc28
0x00007f2201ff65f0:   00007f2201ff68a0 00007f221a28712f
0x00007f2201ff6600:   00007f2201ff6650 00007f2201ff6610
0x00007f2201ff6610:   00007f221411e800 00007f221411ee90
0x00007f2201ff6620:   00007f221411eed0 00007f221411eee0
0x00007f2201ff6630:   00007f221411efb8 00000000000000d8
0x00007f2201ff6640:   00007f221411f0c0 00007f2201ff6828
0x00007f2201ff6650:   00007f2201ff6658 6e69747563657845
0x00007f2201ff6660:   65706f204d562067 203a6e6f69746172
0x00007f2201ff6670:   6942656b6f766552 00656e6f64007361
0x00007f2201ff6680:   6974616300656e6f 00656e6f64206e6f
0x00007f2201ff6690:   00007f2214110065 00007f221a0da948
0x00007f2201ff66a0:   0000000000000000 0000000000000089
0x00007f2201ff66b0:   0000000000001000 00007f2201ff8000
0x00007f2201ff66c0:   0000000000100000 00007f2100000014
0x00007f2201ff66d0:   0000000000000000 0000001400000000
0x00007f2201ff66e0:   0000000000000007 0000000000000140
0x00007f2201ff66f0:   0000000000000138 52c103f196c0bb3c
0x00007f2201ff6700:   00007f21ec000970 0000000000000160 

Instructions: (pc=0x00007f221a16bd4a)
0x00007f221a16bd2a:   84 00 00 00 00 00 48 8b 1d f9 c9 3b 00 48 8d 3d
0x00007f221a16bd3a:   fa c9 3b 00 e8 5d 5e 0c 00 49 89 c0 48 8b 43 28
0x00007f221a16bd4a:   4c 01 00 48 8d 05 8d fc 3a 00 80 38 00 74 c8 48
0x00007f221a16bd5a:   8d 3d d8 c9 3b 00 e8 ab 5d 0c 00 48 8b 5d f8 f2 

Register to memory mapping:

RAX=0x00007f22194095d0 is an unknown value
RBX=0x00007f2214015c00 is an unknown value
RCX=0x0000000000000000 is an unknown value
RDX=0x0000000000000000 is an unknown value
RSP=0x00007f2201ff6510 is an unknown value
RBP=0x00007f2201ff6520 is an unknown value
RSI=0x0000000000000000 is an unknown value
RDI=0x0000000000000000 is an unknown value
R8 =0x000000074b4c27e5 is an unknown value
R9 =0x0000000000000000 is an unknown value
R10=0x0000000000000000 is an unknown value
R11=0x0000000000000000 is an unknown value
R12=0x0000000000000000 is an unknown value
R13=0x0000000000000000 is an unknown value
R14=0x00007f221a51b9fc: <offset 0xd8b9fc> in /nix/store/arja5b2nhs4z9ajrcx4wiipjywcw1ip6-openjdk-8u322-ga-jre/lib/openjdk/jre/lib/amd64/server/libjvm.so at 0x00007f2219790000
R15=0x0000000000000000 is an unknown value


Stack: [0x00007f2201ef8000,0x00007f2201ff8000],  sp=0x00007f2201ff6510,  free space=1017k
Native frames: (J=compiled Java code, j=interpreted, Vv=VM code, C=native code)
V  [libjvm.so+0x9dbd4a]  RuntimeService::record_safepoint_synchronized()+0x4a
V  [libjvm.so+0x9e2df3]  SafepointSynchronize::begin()+0x453
V  [libjvm.so+0xaf712f]  VMThread::loop()+0x4ef
V  [libjvm.so+0xaf746a]  VMThread::run()+0xaa
V  [libjvm.so+0x93f3c0]  java_start(Thread*)+0x150

VM_Operation (0x00007f21a7ffe660): RevokeBias, mode: safepoint, requested by thread 0x000055b4099f9000


---------------  P R O C E S S  ---------------

Java Threads: ( => current thread )
  0x000055b4099f9000 JavaThread "EaglercraftXBungee Pool Thread #26" [_thread_blocked, id=10091, stack(0x00007f21a7f00000,0x00007f21a8000000)]
  0x00007f21d8002000 JavaThread "Skin Download Thread #5" [_thread_in_native, id=9628, stack(0x00007f21c81fc000,0x00007f21c82fc000)]
  0x00007f21d0012800 JavaThread "Skin Download Thread #4" [_thread_in_native, id=9626, stack(0x00007f21c83fc000,0x00007f21c84fc000)]
  0x00007f21d0011800 JavaThread "Skin Download Thread #3" [_thread_in_native, id=9614, stack(0x00007f21c8cfd000,0x00007f21c8dfd000)]
  0x00007f21b4010000 JavaThread "Skin Download Thread #2" [_thread_in_native, id=7428, stack(0x00007f21c84fc000,0x00007f21c85fc000)]
  0x00007f21b000c000 JavaThread "Netty Worker IO Thread #5" [_thread_blocked, id=7371, stack(0x00007f21c85fc000,0x00007f21c86fc000)]
  0x00007f21b0007800 JavaThread "Netty Worker IO Thread #4" [_thread_in_native, id=7368, stack(0x00007f21c8afd000,0x00007f21c8bfd000)]
  0x00007f21b0005800 JavaThread "Netty Worker IO Thread #3" [_thread_in_native, id=7330, stack(0x00007f21c94fe000,0x00007f21c95fe000)]
  0x00007f21b0004000 JavaThread "Netty Worker IO Thread #2" [_thread_blocked, id=7267, stack(0x00007f21c9bff000,0x00007f21c9cff000)]
  0x00007f21b0002000 JavaThread "Netty Worker IO Thread #1" [_thread_in_native, id=7180, stack(0x00007f21ca100000,0x00007f21ca200000)]
  0x00007f2214ad9000 JavaThread "Netty Boss IO Thread #0" [_thread_in_native, id=7165, stack(0x00007f21ca200000,0x00007f21ca300000)]
  0x00007f2214ad6000 JavaThread "EaglerXBungee: Skin Service Tasks" [_thread_blocked, id=7164, stack(0x00007f21ca300000,0x00007f21ca400000)]
  0x00007f22149d3800 JavaThread "mysql-cj-abandoned-connection-cleanup" daemon [_thread_blocked, id=7159, stack(0x00007f21ca8fe000,0x00007f21ca9fe000)]
  0x00007f221494e800 JavaThread "Netty Worker IO Thread #0" [_thread_in_native, id=7158, stack(0x00007f21ca9fe000,0x00007f21caafe000)]
  0x00007f2214905800 JavaThread "Java2D Disposer" daemon [_thread_blocked, id=7157, stack(0x00007f21caafe000,0x00007f21cabfe000)]
  0x00007f21c0162800 JavaThread "Skin Download Thread #1" [_thread_in_native, id=7156, stack(0x00007f21cbf00000,0x00007f21cc000000)]
  0x00007f22148f8000 JavaThread "Skin Download Thread #0" [_thread_in_native, id=7149, stack(0x00007f220001c000,0x00007f220011c000)]
  0x00007f221483e800 JavaThread "EaglerXBungee: Close Inactive" [_thread_blocked, id=7148, stack(0x00007f2200aaf000,0x00007f2200baf000)]
  0x00007f22144bc800 JavaThread "Log4j2-TF-1-AsyncLogger[AsyncContext@70dea4e]-1" daemon [_thread_blocked, id=7134, stack(0x00007f2200daf000,0x00007f2200eaf000)]
  0x00007f2214286000 JavaThread "Reconnect Saver" [_thread_blocked, id=7127, stack(0x00007f22012af000,0x00007f22013af000)]
  0x00007f221416a800 JavaThread "Service Thread" daemon [_thread_blocked, id=7125, stack(0x00007f220160f000,0x00007f220170f000)]
  0x00007f2214165800 JavaThread "C1 CompilerThread1" daemon [_thread_blocked, id=7124, stack(0x00007f2201710000,0x00007f2201810000)]
  0x00007f2214162800 JavaThread "C2 CompilerThread0" daemon [_thread_blocked, id=7123, stack(0x00007f2201811000,0x00007f2201911000)]
  0x00007f221415d800 JavaThread "Signal Dispatcher" daemon [_thread_blocked, id=7122, stack(0x00007f2201911000,0x00007f2201a11000)]
  0x00007f221412d000 JavaThread "Finalizer" daemon [_thread_blocked, id=7121, stack(0x00007f2201cf7000,0x00007f2201df7000)]
  0x00007f2214128800 JavaThread "Reference Handler" daemon [_thread_blocked, id=7120, stack(0x00007f2201df7000,0x00007f2201ef7000)]
  0x00007f221400a000 JavaThread "main" [_thread_blocked, id=7115, stack(0x00007f2219460000,0x00007f2219560000)]

Other Threads:
=>0x00007f221411e800 VMThread [stack: 0x00007f2201ef8000,0x00007f2201ff8000] [id=7119]
  0x00007f221416d000 WatcherThread [stack: 0x00007f220150f000,0x00007f220160f000] [id=7126]

VM state:at safepoint (normal execution)

VM Mutex/Monitor currently owned by a thread:  ([mutex/lock_event])
[0x00007f2214008a10] Safepoint_lock - owner thread: 0x00007f221411e800
[0x00007f2214008a90] Threads_lock - owner thread: 0x00007f221411e800

heap address: 0x00000000c0000000, size: 1024 MB, Compressed Oops mode: 32-bit
Narrow klass base: 0x0000000000000000, Narrow klass shift: 3
Compressed class space size: 1073741824 Address: 0x0000000100000000

Heap:
 PSYoungGen      total 305664K, used 170121K [0x00000000eab00000, 0x0000000100000000, 0x0000000100000000)
  eden space 262144K, 57% used [0x00000000eab00000,0x00000000f3e121a0,0x00000000fab00000)
  from space 43520K, 44% used [0x00000000fd580000,0x00000000fe890300,0x0000000100000000)
  to   space 43520K, 0% used [0x00000000fab00000,0x00000000fab00000,0x00000000fd580000)
 ParOldGen       total 699392K, used 29282K [0x00000000c0000000, 0x00000000eab00000, 0x00000000eab00000)
  object space 699392K, 4% used [0x00000000c0000000,0x00000000c1c98ae8,0x00000000eab00000)
 Metaspace       used 37862K, capacity 39304K, committed 39552K, reserved 1083392K
  class space    used 4665K, capacity 4967K, committed 4992K, reserved 1048576K

Card table byte_map: [0x00007f2218e39000,0x00007f221903a000] byte_map_base: 0x00007f2218839000

Marking Bits: (ParMarkBitMap*) 0x00007f221a527fc0
 Begin Bits: [0x00007f2203000000, 0x00007f2204000000)
 End Bits:   [0x00007f2204000000, 0x00007f2205000000)

Polling page: 0x00007f2219412000

CodeCache: size=245760Kb used=12006Kb max_used=12020Kb free=233753Kb
 bounds [0x00007f2205000000, 0x00007f2205be0000, 0x00007f2214000000]
 total_blobs=4719 nmethods=4007 adapters=625
 compilation: enabled

Compilation events (10 events):
Event: 3119.524 Thread 0x00007f2214162800 5056       4       io.netty.buffer.PoolSubpage::allocate (162 bytes)
Event: 3119.530 Thread 0x00007f2214162800 nmethod 5056 0x00007f22059cde90 code [0x00007f22059ce000, 0x00007f22059ce388]
Event: 3129.327 Thread 0x00007f2214165800 5057       3       gnu.trove.impl.hash.TCustomObjectHash::hash (11 bytes)
Event: 3129.328 Thread 0x00007f2214165800 nmethod 5057 0x00007f2205a8bbd0 code [0x00007f2205a8bd60, 0x00007f2205a8c1b8]
Event: 3130.115 Thread 0x00007f2214162800 5058       4       net.md_5.bungee.protocol.packet.Chat::read (66 bytes)
Event: 3130.122 Thread 0x00007f2214162800 nmethod 5058 0x00007f2205bc1a90 code [0x00007f2205bc1c40, 0x00007f2205bc2258]
Event: 3167.018 Thread 0x00007f2214162800 5059       4       net.md_5.bungee.protocol.packet.Chat::handle (6 bytes)
Event: 3167.023 Thread 0x00007f2214162800 nmethod 5059 0x00007f220568c010 code [0x00007f220568c180, 0x00007f220568c2c8]
Event: 3176.039 Thread 0x00007f2214162800 5060       4       sun.nio.cs.UTF_8$Decoder::isMalformed3 (45 bytes)
Event: 3176.039 Thread 0x00007f2214162800 nmethod 5060 0x00007f2205ad9ed0 code [0x00007f2205ada020, 0x00007f2205ada0b8]

GC Heap History (10 events):
Event: 7.465 GC heap before
{Heap before GC invocations=2 (full 1):
 PSYoungGen      total 305664K, used 13706K [0x00000000eab00000, 0x0000000100000000, 0x0000000100000000)
  eden space 262144K, 0% used [0x00000000eab00000,0x00000000eab00000,0x00000000fab00000)
  from space 43520K, 31% used [0x00000000fab00000,0x00000000fb862be0,0x00000000fd580000)
  to   space 43520K, 0% used [0x00000000fd580000,0x00000000fd580000,0x0000000100000000)
 ParOldGen       total 699392K, used 80K [0x00000000c0000000, 0x00000000eab00000, 0x00000000eab00000)
  object space 699392K, 0% used [0x00000000c0000000,0x00000000c0014010,0x00000000eab00000)
 Metaspace       used 20812K, capacity 21128K, committed 21296K, reserved 1069056K
  class space    used 2589K, capacity 2667K, committed 2688K, reserved 1048576K
Event: 7.646 GC heap after
Heap after GC invocations=2 (full 1):
 PSYoungGen      total 305664K, used 0K [0x00000000eab00000, 0x0000000100000000, 0x0000000100000000)
  eden space 262144K, 0% used [0x00000000eab00000,0x00000000eab00000,0x00000000fab00000)
  from space 43520K, 0% used [0x00000000fab00000,0x00000000fab00000,0x00000000fd580000)
  to   space 43520K, 0% used [0x00000000fd580000,0x00000000fd580000,0x0000000100000000)
 ParOldGen       total 699392K, used 13109K [0x00000000c0000000, 0x00000000eab00000, 0x00000000eab00000)
  object space 699392K, 1% used [0x00000000c0000000,0x00000000c0ccd748,0x00000000eab00000)
 Metaspace       used 20812K, capacity 21128K, committed 21296K, reserved 1069056K
  class space    used 2589K, capacity 2667K, committed 2688K, reserved 1048576K
}
Event: 144.359 GC heap before
{Heap before GC invocations=3 (full 1):
 PSYoungGen      total 305664K, used 99779K [0x00000000eab00000, 0x0000000100000000, 0x0000000100000000)
  eden space 262144K, 38% used [0x00000000eab00000,0x00000000f0c70d10,0x00000000fab00000)
  from space 43520K, 0% used [0x00000000fab00000,0x00000000fab00000,0x00000000fd580000)
  to   space 43520K, 0% used [0x00000000fd580000,0x00000000fd580000,0x0000000100000000)
 ParOldGen       total 699392K, used 13109K [0x00000000c0000000, 0x00000000eab00000, 0x00000000eab00000)
  object space 699392K, 1% used [0x00000000c0000000,0x00000000c0ccd748,0x00000000eab00000)
 Metaspace       used 34162K, capacity 35366K, committed 35496K, reserved 1081344K
  class space    used 4288K, capacity 4519K, committed 4608K, reserved 1048576K
Event: 144.581 GC heap after
Heap after GC invocations=3 (full 1):
 PSYoungGen      total 305664K, used 28884K [0x00000000eab00000, 0x0000000100000000, 0x0000000100000000)
  eden space 262144K, 0% used [0x00000000eab00000,0x00000000eab00000,0x00000000fab00000)
  from space 43520K, 66% used [0x00000000fd580000,0x00000000ff1b52d0,0x0000000100000000)
  to   space 43520K, 0% used [0x00000000fab00000,0x00000000fab00000,0x00000000fd580000)
 ParOldGen       total 699392K, used 13117K [0x00000000c0000000, 0x00000000eab00000, 0x00000000eab00000)
  object space 699392K, 1% used [0x00000000c0000000,0x00000000c0ccf748,0x00000000eab00000)
 Metaspace       used 34162K, capacity 35366K, committed 35496K, reserved 1081344K
  class space    used 4288K, capacity 4519K, committed 4608K, reserved 1048576K
}
Event: 144.581 GC heap before
{Heap before GC invocations=4 (full 2):
 PSYoungGen      total 305664K, used 28884K [0x00000000eab00000, 0x0000000100000000, 0x0000000100000000)
  eden space 262144K, 0% used [0x00000000eab00000,0x00000000eab00000,0x00000000fab00000)
  from space 43520K, 66% used [0x00000000fd580000,0x00000000ff1b52d0,0x0000000100000000)
  to   space 43520K, 0% used [0x00000000fab00000,0x00000000fab00000,0x00000000fd580000)
 ParOldGen       total 699392K, used 13117K [0x00000000c0000000, 0x00000000eab00000, 0x00000000eab00000)
  object space 699392K, 1% used [0x00000000c0000000,0x00000000c0ccf748,0x00000000eab00000)
 Metaspace       used 34162K, capacity 35366K, committed 35496K, reserved 1081344K
  class space    used 4288K, capacity 4519K, committed 4608K, reserved 1048576K
Event: 145.027 GC heap after
Heap after GC invocations=4 (full 2):
 PSYoungGen      total 305664K, used 0K [0x00000000eab00000, 0x0000000100000000, 0x0000000100000000)
  eden space 262144K, 0% used [0x00000000eab00000,0x00000000eab00000,0x00000000fab00000)
  from space 43520K, 0% used [0x00000000fd580000,0x00000000fd580000,0x0000000100000000)
  to   space 43520K, 0% used [0x00000000fab00000,0x00000000fab00000,0x00000000fd580000)
 ParOldGen       total 699392K, used 29266K [0x00000000c0000000, 0x00000000eab00000, 0x00000000eab00000)
  object space 699392K, 4% used [0x00000000c0000000,0x00000000c1c94ae8,0x00000000eab00000)
 Metaspace       used 34162K, capacity 35366K, committed 35496K, reserved 1081344K
  class space    used 4288K, capacity 4519K, committed 4608K, reserved 1048576K
}
Event: 751.674 GC heap before
{Heap before GC invocations=5 (full 2):
 PSYoungGen      total 305664K, used 262144K [0x00000000eab00000, 0x0000000100000000, 0x0000000100000000)
  eden space 262144K, 100% used [0x00000000eab00000,0x00000000fab00000,0x00000000fab00000)
  from space 43520K, 0% used [0x00000000fd580000,0x00000000fd580000,0x0000000100000000)
  to   space 43520K, 0% used [0x00000000fab00000,0x00000000fab00000,0x00000000fd580000)
 ParOldGen       total 699392K, used 29266K [0x00000000c0000000, 0x00000000eab00000, 0x00000000eab00000)
  object space 699392K, 4% used [0x00000000c0000000,0x00000000c1c94ae8,0x00000000eab00000)
 Metaspace       used 37356K, capacity 38810K, committed 39040K, reserved 1083392K
  class space    used 4636K, capacity 4950K, committed 4992K, reserved 1048576K
Event: 751.720 GC heap after
Heap after GC invocations=5 (full 2):
 PSYoungGen      total 305664K, used 10262K [0x00000000eab00000, 0x0000000100000000, 0x0000000100000000)
  eden space 262144K, 0% used [0x00000000eab00000,0x00000000eab00000,0x00000000fab00000)
  from space 43520K, 23% used [0x00000000fab00000,0x00000000fb505858,0x00000000fd580000)
  to   space 43520K, 0% used [0x00000000fd580000,0x00000000fd580000,0x0000000100000000)
 ParOldGen       total 699392K, used 29274K [0x00000000c0000000, 0x00000000eab00000, 0x00000000eab00000)
  object space 699392K, 4% used [0x00000000c0000000,0x00000000c1c96ae8,0x00000000eab00000)
 Metaspace       used 37356K, capacity 38810K, committed 39040K, reserved 1083392K
  class space    used 4636K, capacity 4950K, committed 4992K, reserved 1048576K
}
Event: 2623.538 GC heap before
{Heap before GC invocations=6 (full 2):
 PSYoungGen      total 305664K, used 272406K [0x00000000eab00000, 0x0000000100000000, 0x0000000100000000)
  eden space 262144K, 100% used [0x00000000eab00000,0x00000000fab00000,0x00000000fab00000)
  from space 43520K, 23% used [0x00000000fab00000,0x00000000fb505858,0x00000000fd580000)
  to   space 43520K, 0% used [0x00000000fd580000,0x00000000fd580000,0x0000000100000000)
 ParOldGen       total 699392K, used 29274K [0x00000000c0000000, 0x00000000eab00000, 0x00000000eab00000)
  object space 699392K, 4% used [0x00000000c0000000,0x00000000c1c96ae8,0x00000000eab00000)
 Metaspace       used 37806K, capacity 39232K, committed 39296K, reserved 1083392K
  class space    used 4665K, capacity 4967K, committed 4992K, reserved 1048576K
Event: 2623.602 GC heap after
Heap after GC invocations=6 (full 2):
 PSYoungGen      total 305664K, used 19520K [0x00000000eab00000, 0x0000000100000000, 0x0000000100000000)
  eden space 262144K, 0% used [0x00000000eab00000,0x00000000eab00000,0x00000000fab00000)
  from space 43520K, 44% used [0x00000000fd580000,0x00000000fe890300,0x0000000100000000)
  to   space 43520K, 0% used [0x00000000fab00000,0x00000000fab00000,0x00000000fd580000)
 ParOldGen       total 699392K, used 29282K [0x00000000c0000000, 0x00000000eab00000, 0x00000000eab00000)
  object space 699392K, 4% used [0x00000000c0000000,0x00000000c1c98ae8,0x00000000eab00000)
 Metaspace       used 37806K, capacity 39232K, committed 39296K, reserved 1083392K
  class space    used 4665K, capacity 4967K, committed 4992K, reserved 1048576K
}

Deoptimization events (10 events):
Event: 2281.118 Thread 0x00007f21b4010000 Uncommon trap: reason=unstable_if action=reinterpret pc=0x00007f22059ce088 method=java.util.zip.Deflater.deflate([BIII)I @ 50
Event: 2281.645 Thread 0x00007f2214ad6000 Uncommon trap: reason=unstable_if action=reinterpret pc=0x00007f2205b10294 method=net.lax1dude.eaglercraft.v1_8.plugin.gateway_bungeecord.skins.SkinService.flush()V @ 176
Event: 2434.428 Thread 0x00007f21b0005800 Uncommon trap: reason=speculate_class_check action=maybe_recompile pc=0x00007f2205afe94c method=io.netty.handler.codec.http.websocketx.extensions.compression.PerMessageDeflateEncoder.rsv(Lio/netty/handler/codec/http/websocketx/WebSocketFrame;)I @ 1
Event: 2555.844 Thread 0x00007f21b0004000 Uncommon trap: reason=unstable_if action=reinterpret pc=0x00007f22054d1a40 method=java.lang.ClassLoader.checkName(Ljava/lang/String;)Z @ 20
Event: 2555.844 Thread 0x00007f21b0004000 Uncommon trap: reason=unstable_if action=reinterpret pc=0x00007f22052e302c method=java.lang.ClassLoader.checkName(Ljava/lang/String;)Z @ 20
Event: 2555.964 Thread 0x00007f21b0004000 Uncommon trap: reason=unstable_if action=reinterpret pc=0x00007f2205a1376c method=net.md_5.bungee.netty.ChannelWrapper.write(Ljava/lang/Object;)V @ 4
Event: 2581.796 Thread 0x00007f221494e800 Uncommon trap: reason=speculate_class_check action=maybe_recompile pc=0x00007f2205afe94c method=io.netty.handler.codec.http.websocketx.extensions.compression.PerMessageDeflateEncoder.rsv(Lio/netty/handler/codec/http/websocketx/WebSocketFrame;)I @ 1
Event: 2662.777 Thread 0x00007f21b0002000 Uncommon trap: reason=speculate_class_check action=maybe_recompile pc=0x00007f2205afe94c method=io.netty.handler.codec.http.websocketx.extensions.compression.PerMessageDeflateEncoder.rsv(Lio/netty/handler/codec/http/websocketx/WebSocketFrame;)I @ 1
Event: 2782.335 Thread 0x00007f21b0004000 Uncommon trap: reason=unstable_if action=reinterpret pc=0x00007f22057611d8 method=java.util.concurrent.atomic.LongAdder.add(J)V @ 78
Event: 3110.087 Thread 0x00007f21b0004000 Uncommon trap: reason=unstable_if action=reinterpret pc=0x00007f220585a9d8 method=io.netty.buffer.LongPriorityQueue.sink(I)V @ 9

Classes redefined (0 events):
No events

Internal exceptions (10 events):
Event: 8.602 Thread 0x00007f221400a000 Exception <a 'java/io/FileNotFoundException'> (0x00000000ebb979e8) thrown at [/build/source/hotspot/src/share/vm/prims/jni.cpp, line 711]
Event: 8.602 Thread 0x00007f221400a000 Exception <a 'java/io/FileNotFoundException'> (0x00000000ebb985d8) thrown at [/build/source/hotspot/src/share/vm/prims/jni.cpp, line 711]
Event: 13.910 Thread 0x00007f221400a000 Exception <a 'sun/nio/fs/UnixException'> (0x00000000eed177a0) thrown at [/build/source/hotspot/src/share/vm/prims/jni.cpp, line 711]
Event: 13.910 Thread 0x00007f221400a000 Exception <a 'sun/nio/fs/UnixException'> (0x00000000eed18198) thrown at [/build/source/hotspot/src/share/vm/prims/jni.cpp, line 711]
Event: 13.910 Thread 0x00007f221400a000 Exception <a 'sun/nio/fs/UnixException'> (0x00000000eed18af8) thrown at [/build/source/hotspot/src/share/vm/prims/jni.cpp, line 711]
Event: 14.170 Thread 0x00007f221400a000 Exception <a 'sun/nio/fs/UnixException'> (0x00000000eed7b598) thrown at [/build/source/hotspot/src/share/vm/prims/jni.cpp, line 711]
Event: 14.171 Thread 0x00007f221400a000 Exception <a 'sun/nio/fs/UnixException'> (0x00000000eed7c210) thrown at [/build/source/hotspot/src/share/vm/prims/jni.cpp, line 711]
Event: 145.037 Thread 0x00007f21b0004000 Exception <a 'java/lang/ClassNotFoundException': sun/dc/DuctusRenderingEngine> (0x00000000eab01420) thrown at [/build/source/hotspot/src/share/vm/classfile/systemDictionary.cpp, line 217]
Event: 195.211 Thread 0x00007f21b000c000 Implicit null exception at 0x00007f220588a7ee to 0x00007f220588b665
Event: 2001.296 Thread 0x00007f21b0007800 Implicit null exception at 0x00007f22058d7f4b to 0x00007f22058d9bb5

Events (10 events):
Event: 3039.051 Thread 0x00007f2214165800 flushing nmethod 0x00007f220568c010
Event: 3073.307 Thread 0x00007f2214165800 flushing nmethod 0x00007f22058ae990
Event: 3110.087 Thread 0x00007f21b0004000 Uncommon trap: trap_request=0xffffff65 fr.pc=0x00007f220585a9d8
Event: 3110.087 Thread 0x00007f21b0004000 DEOPT PACKING pc=0x00007f220585a9d8 sp=0x00007f21c9cfcc30